<?xml version="1.0" encoding="UTF-8"?>
<!-- Generated by org.testng.reporters.JUnitXMLReporter -->
<testsuite ignored="0" hostname="DESKTOP-E37IPE6" failures="0" tests="3" name="InetBankingV1" time="2.914" errors="0" timestamp="2023-06-15T09:15:58 MDT">
  <testcase classname="com.inetBanking.testCases.BaseClass" name="@BeforeClass setup" time="1.967">
    <failure type="org.openqa.selenium.remote.http.ConnectionFailedException" message="Unable to establish websocket connection to http://localhost:63688/devtools/browser/01e06906-cf91-4ea1-a1dd-ac986cd3b2e1
Build info: version: &amp;apos;4.5.3&amp;apos;, revision: &amp;apos;4b786a1e430&amp;apos;
System info: os.name: &amp;apos;Windows 10&amp;apos;, os.arch: &amp;apos;amd64&amp;apos;, os.version: &amp;apos;10.0&amp;apos;, java.version: &amp;apos;18.0.2.1&amp;apos;
Driver info: driver.version: ChromeDriver">
      <![CDATA[org.openqa.selenium.remote.http.ConnectionFailedException: Unable to establish websocket connection to http://localhost:63688/devtools/browser/01e06906-cf91-4ea1-a1dd-ac986cd3b2e1
Build info: version: '4.5.3', revision: '4b786a1e430'
System info: os.name: 'Windows 10', os.arch: 'amd64', os.version: '10.0', java.version: '18.0.2.1'
Driver info: driver.version: ChromeDriver
at org.openqa.selenium.remote.http.netty.NettyWebSocket.<init>(NettyWebSocket.java:102)
at org.openqa.selenium.remote.http.netty.NettyWebSocket.lambda$create$3(NettyWebSocket.java:128)
at org.openqa.selenium.remote.http.netty.NettyClient.openSocket(NettyClient.java:107)
at org.openqa.selenium.devtools.Connection.<init>(Connection.java:77)
at org.openqa.selenium.chromium.ChromiumDriver.lambda$new$2(ChromiumDriver.java:116)
at java.base/java.util.Optional.map(Optional.java:260)
at org.openqa.selenium.chromium.ChromiumDriver.<init>(ChromiumDriver.java:114)
at org.openqa.selenium.chrome.ChromeDriver.<init>(ChromeDriver.java:81)
at org.openqa.selenium.chrome.ChromeDriver.<init>(ChromeDriver.java:49)
at com.inetBanking.testCases.BaseClass.setup(BaseClass.java:53)
at java.base/java.util.ArrayList.forEach(ArrayList.java:1511)
... Removed 23 stack frames]]>
    </failure>
  </testcase> <!-- @BeforeClass setup -->
  <testcase classname="com.inetBanking.testCases.BaseClass" name="@AfterClass tearDown" time="0.0">
    <skipped/>
  </testcase> <!-- @AfterClass tearDown -->
  <testcase classname="com.inetBanking.testCases.TC_AddAccountDDt_006" name="addNewAccountDDT" time="0.0">
    <skipped/>
  </testcase> <!-- addNewAccountDDT -->
  <testcase classname="com.inetBanking.testCases.TC_AddAccountDDt_006" name="addNewAccountDDT" time="0.0">
    <skipped/>
  </testcase> <!-- addNewAccountDDT -->
  <testcase classname="com.inetBanking.testCases.TC_AddAccountDDt_006" name="addNewAccountDDT" time="0.0">
    <skipped/>
  </testcase> <!-- addNewAccountDDT -->
</testsuite> <!-- InetBankingV1 -->
